<?xml version="1.0" encoding="UTF-8"?>
<testsuite xmlns:xsi="http://www.w3.org/2001/XMLSchema-instance" xsi:noNamespaceSchemaLocation="https://maven.apache.org/surefire/maven-surefire-plugin/xsd/surefire-test-report.xsd" name="TestSuite" time="70.988" tests="10" errors="0" skipped="0" failures="0">
  <properties>
[...]
</properties>
  <testcase name="runScenario" classname="Runners.TestRunner" time="23.461"/>
  <testcase name="runScenario" classname="Runners.TestRunner" time="5.064"/>
  <testcase name="runScenario" classname="Runners.TestRunner" time="5.223"/>
  <testcase name="runScenario" classname="Runners.TestRunner" time="5.133"/>
  <testcase name="runScenario" classname="Runners.TestRunner" time="5.028"/>
  <testcase name="runScenario" classname="Runners.TestRunner" time="4.939"/>
  <testcase name="runScenario" classname="Runners.TestRunner" time="5.014"/>
  <testcase name="runScenario" classname="Runners.TestRunner" time="5.163"/>
  <testcase name="runScenario" classname="Runners.TestRunner" time="5.429"/>
  <testcase name="runScenario" classname="Runners.TestRunner" time="5.319"/>
</testsuite>