<?xml version="1.0" encoding="UTF-8"?>
<testng-results ignored="0" total="10" passed="10" failed="0" skipped="0">
  <reporter-output>
  </reporter-output>
  <suite started-at="2024-07-24T09:44:35 CEST" name="Surefire suite" finished-at="2024-07-24T09:45:49 CEST" duration-ms="73894">
    <groups>
      <group name="cucumber">
        <method signature="AbstractTestNGCucumberTests.runScenario(io.cucumber.testng.PickleWrapper,io.cucumber.testng.FeatureWrapper)[pri:0, instance:Runners.TestRunner@2ddc8ecb]" name="runScenario" class="io.cucumber.testng.AbstractTestNGCucumberTests"/>
      </group> <!-- cucumber -->
    </groups>
    <test started-at="2024-07-24T09:44:35 CEST" name="Surefire test" finished-at="2024-07-24T09:45:49 CEST" duration-ms="73894">
      <class name="Runners.TestRunner">
        <test-method is-config="true" signature="setUpClass(org.testng.ITestContext)[pri:0, instance:Runners.TestRunner@2ddc8ecb]" started-at="2024-07-24T09:44:35 CEST" name="setUpClass" finished-at="2024-07-24T09:44:35 CEST" duration-ms="479" status="PASS">
          <params>
            <param index="0">
              <value>
                <![CDATA[org.testng.TestRunner@44bc2449]]>
              </value>
            </param>
          </params>
          <reporter-output>
          </reporter-output>
        </test-method> <!-- setUpClass -->
        <test-method signature="runScenario(io.cucumber.testng.PickleWrapper,io.cucumber.testng.FeatureWrapper)[pri:0, instance:Runners.TestRunner@2ddc8ecb]" started-at="2024-07-24T09:44:35 CEST" name="runScenario" description="Runs Cucumber Scenarios" data-provider="scenarios" finished-at="2024-07-24T09:44:47 CEST" duration-ms="11751" status="PASS">
          <params>
            <param index="0">
              <value>
                <![CDATA["I want to execute simple additions on the calculator page"]]>
              </value>
            </param>
            <param index="1">
              <value>
                <![CDATA["I want to be able to execute basic additions inside the Calculator page"]]>
              </value>
            </param>
          </params>
          <reporter-output>
          </reporter-output>
        </test-method> <!-- runScenario -->
        <test-method signature="runScenario(io.cucumber.testng.PickleWrapper,io.cucumber.testng.FeatureWrapper)[pri:0, instance:Runners.TestRunner@2ddc8ecb]" started-at="2024-07-24T09:44:47 CEST" name="runScenario" description="Runs Cucumber Scenarios" data-provider="scenarios" finished-at="2024-07-24T09:44:53 CEST" duration-ms="5865" status="PASS">
          <params>
            <param index="0">
              <value>
                <![CDATA["I want to execute simple additions on the calculator page"]]>
              </value>
            </param>
            <param index="1">
              <value>
                <![CDATA["I want to be able to execute basic additions inside the Calculator page"]]>
              </value>
            </param>
          </params>
          <reporter-output>
          </reporter-output>
        </test-method> <!-- runScenario -->
        <test-method signature="runScenario(io.cucumber.testng.PickleWrapper,io.cucumber.testng.FeatureWrapper)[pri:0, instance:Runners.TestRunner@2ddc8ecb]" started-at="2024-07-24T09:44:53 CEST" name="runScenario" description="Runs Cucumber Scenarios" data-provider="scenarios" finished-at="2024-07-24T09:44:59 CEST" duration-ms="6590" status="PASS">
          <params>
            <param index="0">
              <value>
                <![CDATA["I want to execute simple additions on the calculator page"]]>
              </value>
            </param>
            <param index="1">
              <value>
                <![CDATA["I want to be able to execute basic additions inside the Calculator page"]]>
              </value>
            </param>
          </params>
          <reporter-output>
          </reporter-output>
        </test-method> <!-- runScenario -->
        <test-method signature="runScenario(io.cucumber.testng.PickleWrapper,io.cucumber.testng.FeatureWrapper)[pri:0, instance:Runners.TestRunner@2ddc8ecb]" started-at="2024-07-24T09:44:59 CEST" name="runScenario" description="Runs Cucumber Scenarios" data-provider="scenarios" finished-at="2024-07-24T09:45:06 CEST" duration-ms="6277" status="PASS">
          <params>
            <param index="0">
              <value>
                <![CDATA["I want to execute simple additions on the calculator page"]]>
              </value>
            </param>
            <param index="1">
              <value>
                <![CDATA["I want to be able to execute basic additions inside the Calculator page"]]>
              </value>
            </param>
          </params>
          <reporter-output>
          </reporter-output>
        </test-method> <!-- runScenario -->
        <test-method signature="runScenario(io.cucumber.testng.PickleWrapper,io.cucumber.testng.FeatureWrapper)[pri:0, instance:Runners.TestRunner@2ddc8ecb]" started-at="2024-07-24T09:45:06 CEST" name="runScenario" description="Runs Cucumber Scenarios" data-provider="scenarios" finished-at="2024-07-24T09:45:12 CEST" duration-ms="6157" status="PASS">
          <params>
            <param index="0">
              <value>
                <![CDATA["I want to execute simple additions on the calculator page"]]>
              </value>
            </param>
            <param index="1">
              <value>
                <![CDATA["I want to be able to execute basic additions inside the Calculator page"]]>
              </value>
            </param>
          </params>
          <reporter-output>
          </reporter-output>
        </test-method> <!-- runScenario -->
        <test-method signature="runScenario(io.cucumber.testng.PickleWrapper,io.cucumber.testng.FeatureWrapper)[pri:0, instance:Runners.TestRunner@2ddc8ecb]" started-at="2024-07-24T09:45:12 CEST" name="runScenario" description="Runs Cucumber Scenarios" data-provider="scenarios" finished-at="2024-07-24T09:45:20 CEST" duration-ms="7659" status="PASS">
          <params>
            <param index="0">
              <value>
                <![CDATA["I want to execute simple additions using decimals on the calculator page"]]>
              </value>
            </param>
            <param index="1">
              <value>
                <![CDATA["I want to be able to execute basic additions inside the Calculator page"]]>
              </value>
            </param>
          </params>
          <reporter-output>
          </reporter-output>
        </test-method> <!-- runScenario -->
        <test-method signature="runScenario(io.cucumber.testng.PickleWrapper,io.cucumber.testng.FeatureWrapper)[pri:0, instance:Runners.TestRunner@2ddc8ecb]" started-at="2024-07-24T09:45:20 CEST" name="runScenario" description="Runs Cucumber Scenarios" data-provider="scenarios" finished-at="2024-07-24T09:45:27 CEST" duration-ms="7027" status="PASS">
          <params>
            <param index="0">
              <value>
                <![CDATA["I want to execute simple additions using decimals on the calculator page"]]>
              </value>
            </param>
            <param index="1">
              <value>
                <![CDATA["I want to be able to execute basic additions inside the Calculator page"]]>
              </value>
            </param>
          </params>
          <reporter-output>
          </reporter-output>
        </test-method> <!-- runScenario -->
        <test-method signature="runScenario(io.cucumber.testng.PickleWrapper,io.cucumber.testng.FeatureWrapper)[pri:0, instance:Runners.TestRunner@2ddc8ecb]" started-at="2024-07-24T09:45:27 CEST" name="runScenario" description="Runs Cucumber Scenarios" data-provider="scenarios" finished-at="2024-07-24T09:45:34 CEST" duration-ms="7643" status="PASS">
          <params>
            <param index="0">
              <value>
                <![CDATA["I want to execute simple additions using decimals on the calculator page"]]>
              </value>
            </param>
            <param index="1">
              <value>
                <![CDATA["I want to be able to execute basic additions inside the Calculator page"]]>
              </value>
            </param>
          </params>
          <reporter-output>
          </reporter-output>
        </test-method> <!-- runScenario -->
        <test-method signature="runScenario(io.cucumber.testng.PickleWrapper,io.cucumber.testng.FeatureWrapper)[pri:0, instance:Runners.TestRunner@2ddc8ecb]" started-at="2024-07-24T09:45:34 CEST" name="runScenario" description="Runs Cucumber Scenarios" data-provider="scenarios" finished-at="2024-07-24T09:45:41 CEST" duration-ms="7202" status="PASS">
          <params>
            <param index="0">
              <value>
                <![CDATA["I want to execute simple additions using decimals on the calculator page"]]>
              </value>
            </param>
            <param index="1">
              <value>
                <![CDATA["I want to be able to execute basic additions inside the Calculator page"]]>
              </value>
            </param>
          </params>
          <reporter-output>
          </reporter-output>
        </test-method> <!-- runScenario -->
        <test-method signature="runScenario(io.cucumber.testng.PickleWrapper,io.cucumber.testng.FeatureWrapper)[pri:0, instance:Runners.TestRunner@2ddc8ecb]" started-at="2024-07-24T09:45:41 CEST" name="runScenario" description="Runs Cucumber Scenarios" data-provider="scenarios" finished-at="2024-07-24T09:45:49 CEST" duration-ms="7179" status="PASS">
          <params>
            <param index="0">
              <value>
                <![CDATA["I want to execute simple additions using decimals on the calculator page"]]>
              </value>
            </param>
            <param index="1">
              <value>
                <![CDATA["I want to be able to execute basic additions inside the Calculator page"]]>
              </value>
            </param>
          </params>
          <reporter-output>
          </reporter-output>
        </test-method> <!-- runScenario -->
        <test-method is-config="true" signature="tearDownClass()[pri:0, instance:Runners.TestRunner@2ddc8ecb]" started-at="2024-07-24T09:45:49 CEST" name="tearDownClass" finished-at="2024-07-24T09:45:49 CEST" duration-ms="22" status="PASS">
          <reporter-output>
          </reporter-output>
        </test-method> <!-- tearDownClass -->
      </class> <!-- Runners.TestRunner -->
    </test> <!-- Surefire test -->
  </suite> <!-- Surefire suite -->
</testng-results>
