<?xml version="1.0" encoding="UTF-8"?>
<testng-results ignored="0" total="10" passed="10" failed="0" skipped="0">
  <reporter-output>
  </reporter-output>
  <suite started-at="2024-07-22T13:40:36 CEST" name="Surefire suite" finished-at="2024-07-22T13:41:46 CEST" duration-ms="70397">
    <groups>
      <group name="cucumber">
        <method signature="AbstractTestNGCucumberTests.runScenario(io.cucumber.testng.PickleWrapper,io.cucumber.testng.FeatureWrapper)[pri:0, instance:Runners.TestRunner@15b204a1]" name="runScenario" class="io.cucumber.testng.AbstractTestNGCucumberTests"/>
      </group> <!-- cucumber -->
    </groups>
    <test started-at="2024-07-22T13:40:36 CEST" name="Surefire test" finished-at="2024-07-22T13:41:46 CEST" duration-ms="70397">
      <class name="Runners.TestRunner">
        <test-method is-config="true" signature="setUpClass(org.testng.ITestContext)[pri:0, instance:Runners.TestRunner@15b204a1]" started-at="2024-07-22T13:40:36 CEST" name="setUpClass" finished-at="2024-07-22T13:40:36 CEST" duration-ms="554" status="PASS">
          <params>
            <param index="0">
              <value>
                <![CDATA[org.testng.TestRunner@cc9ef8d]]>
              </value>
            </param>
          </params>
          <reporter-output>
          </reporter-output>
        </test-method> <!-- setUpClass -->
        <test-method signature="runScenario(io.cucumber.testng.PickleWrapper,io.cucumber.testng.FeatureWrapper)[pri:0, instance:Runners.TestRunner@15b204a1]" started-at="2024-07-22T13:40:36 CEST" name="runScenario" description="Runs Cucumber Scenarios" data-provider="scenarios" finished-at="2024-07-22T13:41:00 CEST" duration-ms="23459" status="PASS">
          <params>
            <param index="0">
              <value>
                <![CDATA["I want to execute simple additions on the calculator page"]]>
              </value>
            </param>
            <param index="1">
              <value>
                <![CDATA["I want to be able to execute basic additions inside the Calculator page"]]>
              </value>
            </param>
          </params>
          <reporter-output>
          </reporter-output>
        </test-method> <!-- runScenario -->
        <test-method signature="runScenario(io.cucumber.testng.PickleWrapper,io.cucumber.testng.FeatureWrapper)[pri:0, instance:Runners.TestRunner@15b204a1]" started-at="2024-07-22T13:41:00 CEST" name="runScenario" description="Runs Cucumber Scenarios" data-provider="scenarios" finished-at="2024-07-22T13:41:05 CEST" duration-ms="5057" status="PASS">
          <params>
            <param index="0">
              <value>
                <![CDATA["I want to execute simple additions on the calculator page"]]>
              </value>
            </param>
            <param index="1">
              <value>
                <![CDATA["I want to be able to execute basic additions inside the Calculator page"]]>
              </value>
            </param>
          </params>
          <reporter-output>
          </reporter-output>
        </test-method> <!-- runScenario -->
        <test-method signature="runScenario(io.cucumber.testng.PickleWrapper,io.cucumber.testng.FeatureWrapper)[pri:0, instance:Runners.TestRunner@15b204a1]" started-at="2024-07-22T13:41:05 CEST" name="runScenario" description="Runs Cucumber Scenarios" data-provider="scenarios" finished-at="2024-07-22T13:41:10 CEST" duration-ms="5230" status="PASS">
          <params>
            <param index="0">
              <value>
                <![CDATA["I want to execute simple additions on the calculator page"]]>
              </value>
            </param>
            <param index="1">
              <value>
                <![CDATA["I want to be able to execute basic additions inside the Calculator page"]]>
              </value>
            </param>
          </params>
          <reporter-output>
          </reporter-output>
        </test-method> <!-- runScenario -->
        <test-method signature="runScenario(io.cucumber.testng.PickleWrapper,io.cucumber.testng.FeatureWrapper)[pri:0, instance:Runners.TestRunner@15b204a1]" started-at="2024-07-22T13:41:10 CEST" name="runScenario" description="Runs Cucumber Scenarios" data-provider="scenarios" finished-at="2024-07-22T13:41:15 CEST" duration-ms="5132" status="PASS">
          <params>
            <param index="0">
              <value>
                <![CDATA["I want to execute simple additions on the calculator page"]]>
              </value>
            </param>
            <param index="1">
              <value>
                <![CDATA["I want to be able to execute basic additions inside the Calculator page"]]>
              </value>
            </param>
          </params>
          <reporter-output>
          </reporter-output>
        </test-method> <!-- runScenario -->
        <test-method signature="runScenario(io.cucumber.testng.PickleWrapper,io.cucumber.testng.FeatureWrapper)[pri:0, instance:Runners.TestRunner@15b204a1]" started-at="2024-07-22T13:41:15 CEST" name="runScenario" description="Runs Cucumber Scenarios" data-provider="scenarios" finished-at="2024-07-22T13:41:20 CEST" duration-ms="5028" status="PASS">
          <params>
            <param index="0">
              <value>
                <![CDATA["I want to execute simple additions on the calculator page"]]>
              </value>
            </param>
            <param index="1">
              <value>
                <![CDATA["I want to be able to execute basic additions inside the Calculator page"]]>
              </value>
            </param>
          </params>
          <reporter-output>
          </reporter-output>
        </test-method> <!-- runScenario -->
        <test-method signature="runScenario(io.cucumber.testng.PickleWrapper,io.cucumber.testng.FeatureWrapper)[pri:0, instance:Runners.TestRunner@15b204a1]" started-at="2024-07-22T13:41:20 CEST" name="runScenario" description="Runs Cucumber Scenarios" data-provider="scenarios" finished-at="2024-07-22T13:41:25 CEST" duration-ms="4940" status="PASS">
          <params>
            <param index="0">
              <value>
                <![CDATA["I want to execute simple additions using decimals on the calculator page"]]>
              </value>
            </param>
            <param index="1">
              <value>
                <![CDATA["I want to be able to execute basic additions inside the Calculator page"]]>
              </value>
            </param>
          </params>
          <reporter-output>
          </reporter-output>
        </test-method> <!-- runScenario -->
        <test-method signature="runScenario(io.cucumber.testng.PickleWrapper,io.cucumber.testng.FeatureWrapper)[pri:0, instance:Runners.TestRunner@15b204a1]" started-at="2024-07-22T13:41:25 CEST" name="runScenario" description="Runs Cucumber Scenarios" data-provider="scenarios" finished-at="2024-07-22T13:41:30 CEST" duration-ms="5015" status="PASS">
          <params>
            <param index="0">
              <value>
                <![CDATA["I want to execute simple additions using decimals on the calculator page"]]>
              </value>
            </param>
            <param index="1">
              <value>
                <![CDATA["I want to be able to execute basic additions inside the Calculator page"]]>
              </value>
            </param>
          </params>
          <reporter-output>
          </reporter-output>
        </test-method> <!-- runScenario -->
        <test-method signature="runScenario(io.cucumber.testng.PickleWrapper,io.cucumber.testng.FeatureWrapper)[pri:0, instance:Runners.TestRunner@15b204a1]" started-at="2024-07-22T13:41:30 CEST" name="runScenario" description="Runs Cucumber Scenarios" data-provider="scenarios" finished-at="2024-07-22T13:41:35 CEST" duration-ms="5164" status="PASS">
          <params>
            <param index="0">
              <value>
                <![CDATA["I want to execute simple additions using decimals on the calculator page"]]>
              </value>
            </param>
            <param index="1">
              <value>
                <![CDATA["I want to be able to execute basic additions inside the Calculator page"]]>
              </value>
            </param>
          </params>
          <reporter-output>
          </reporter-output>
        </test-method> <!-- runScenario -->
        <test-method signature="runScenario(io.cucumber.testng.PickleWrapper,io.cucumber.testng.FeatureWrapper)[pri:0, instance:Runners.TestRunner@15b204a1]" started-at="2024-07-22T13:41:35 CEST" name="runScenario" description="Runs Cucumber Scenarios" data-provider="scenarios" finished-at="2024-07-22T13:41:41 CEST" duration-ms="5429" status="PASS">
          <params>
            <param index="0">
              <value>
                <![CDATA["I want to execute simple additions using decimals on the calculator page"]]>
              </value>
            </param>
            <param index="1">
              <value>
                <![CDATA["I want to be able to execute basic additions inside the Calculator page"]]>
              </value>
            </param>
          </params>
          <reporter-output>
          </reporter-output>
        </test-method> <!-- runScenario -->
        <test-method signature="runScenario(io.cucumber.testng.PickleWrapper,io.cucumber.testng.FeatureWrapper)[pri:0, instance:Runners.TestRunner@15b204a1]" started-at="2024-07-22T13:41:41 CEST" name="runScenario" description="Runs Cucumber Scenarios" data-provider="scenarios" finished-at="2024-07-22T13:41:46 CEST" duration-ms="5318" status="PASS">
          <params>
            <param index="0">
              <value>
                <![CDATA["I want to execute simple additions using decimals on the calculator page"]]>
              </value>
            </param>
            <param index="1">
              <value>
                <![CDATA["I want to be able to execute basic additions inside the Calculator page"]]>
              </value>
            </param>
          </params>
          <reporter-output>
          </reporter-output>
        </test-method> <!-- runScenario -->
        <test-method is-config="true" signature="tearDownClass()[pri:0, instance:Runners.TestRunner@15b204a1]" started-at="2024-07-22T13:41:46 CEST" name="tearDownClass" finished-at="2024-07-22T13:41:46 CEST" duration-ms="25" status="PASS">
          <reporter-output>
          </reporter-output>
        </test-method> <!-- tearDownClass -->
      </class> <!-- Runners.TestRunner -->
    </test> <!-- Surefire test -->
  </suite> <!-- Surefire suite -->
</testng-results>
